0 info it worked if it ends with ok
1 verbose cli [ '/usr/local/bin/node', '/usr/local/bin/npm', 'install' ]
2 info using npm@3.10.10
3 info using node@v6.10.0
4 silly loadCurrentTree Starting
5 silly install loadCurrentTree
6 silly install readLocalPackageData
7 silly install normalizeTree
8 silly loadCurrentTree Finishing
9 silly loadIdealTree Starting
10 silly install loadIdealTree
11 silly cloneCurrentTree Starting
12 silly install cloneCurrentTreeToIdealTree
13 silly cloneCurrentTree Finishing
14 silly loadShrinkwrap Starting
15 silly install loadShrinkwrap
16 silly loadShrinkwrap Finishing
17 silly loadAllDepsIntoIdealTree Starting
18 silly install loadAllDepsIntoIdealTree
19 silly fetchNamedPackageData body-parser
20 silly mapToRegistry name body-parser
21 silly mapToRegistry using default registry
22 silly mapToRegistry registry https://registry.npmjs.org/
23 silly mapToRegistry data Result {
23 silly mapToRegistry   raw: 'body-parser',
23 silly mapToRegistry   scope: null,
23 silly mapToRegistry   escapedName: 'body-parser',
23 silly mapToRegistry   name: 'body-parser',
23 silly mapToRegistry   rawSpec: '',
23 silly mapToRegistry   spec: 'latest',
23 silly mapToRegistry   type: 'tag' }
24 silly mapToRegistry uri https://registry.npmjs.org/body-parser
25 silly fetchNamedPackageData express
26 silly mapToRegistry name express
27 silly mapToRegistry using default registry
28 silly mapToRegistry registry https://registry.npmjs.org/
29 silly mapToRegistry data Result {
29 silly mapToRegistry   raw: 'express',
29 silly mapToRegistry   scope: null,
29 silly mapToRegistry   escapedName: 'express',
29 silly mapToRegistry   name: 'express',
29 silly mapToRegistry   rawSpec: '',
29 silly mapToRegistry   spec: 'latest',
29 silly mapToRegistry   type: 'tag' }
30 silly mapToRegistry uri https://registry.npmjs.org/express
31 silly fetchNamedPackageData mongodb
32 silly mapToRegistry name mongodb
33 silly mapToRegistry using default registry
34 silly mapToRegistry registry https://registry.npmjs.org/
35 silly mapToRegistry data Result {
35 silly mapToRegistry   raw: 'mongodb',
35 silly mapToRegistry   scope: null,
35 silly mapToRegistry   escapedName: 'mongodb',
35 silly mapToRegistry   name: 'mongodb',
35 silly mapToRegistry   rawSpec: '',
35 silly mapToRegistry   spec: 'latest',
35 silly mapToRegistry   type: 'tag' }
36 silly mapToRegistry uri https://registry.npmjs.org/mongodb
37 silly fetchNamedPackageData mongoose
38 silly mapToRegistry name mongoose
39 silly mapToRegistry using default registry
40 silly mapToRegistry registry https://registry.npmjs.org/
41 silly mapToRegistry data Result {
41 silly mapToRegistry   raw: 'mongoose',
41 silly mapToRegistry   scope: null,
41 silly mapToRegistry   escapedName: 'mongoose',
41 silly mapToRegistry   name: 'mongoose',
41 silly mapToRegistry   rawSpec: '',
41 silly mapToRegistry   spec: 'latest',
41 silly mapToRegistry   type: 'tag' }
42 silly mapToRegistry uri https://registry.npmjs.org/mongoose
43 silly fetchNamedPackageData path
44 silly mapToRegistry name path
45 silly mapToRegistry using default registry
46 silly mapToRegistry registry https://registry.npmjs.org/
47 silly mapToRegistry data Result {
47 silly mapToRegistry   raw: 'path',
47 silly mapToRegistry   scope: null,
47 silly mapToRegistry   escapedName: 'path',
47 silly mapToRegistry   name: 'path',
47 silly mapToRegistry   rawSpec: '',
47 silly mapToRegistry   spec: 'latest',
47 silly mapToRegistry   type: 'tag' }
48 silly mapToRegistry uri https://registry.npmjs.org/path
49 verbose request uri https://registry.npmjs.org/path
50 verbose request no auth needed
51 info attempt registry request try #1 at 12:11:41 PM
52 verbose request id c2b408d579732d0d
53 http request GET https://registry.npmjs.org/path
54 verbose request uri https://registry.npmjs.org/body-parser
55 verbose request no auth needed
56 info attempt registry request try #1 at 12:11:42 PM
57 verbose etag W/"58c701a9-20182"
58 verbose lastModified Mon, 13 Mar 2017 20:31:37 GMT
59 http request GET https://registry.npmjs.org/body-parser
60 verbose request uri https://registry.npmjs.org/mongoose
61 verbose request no auth needed
62 info attempt registry request try #1 at 12:11:42 PM
63 verbose etag W/"58c59483-8c89b"
64 verbose lastModified Sun, 12 Mar 2017 18:33:39 GMT
65 http request GET https://registry.npmjs.org/mongoose
66 verbose request uri https://registry.npmjs.org/express
67 verbose request no auth needed
68 info attempt registry request try #1 at 12:11:42 PM
69 verbose etag W/"58c60012-8b7e5"
70 verbose lastModified Mon, 13 Mar 2017 02:12:34 GMT
71 http request GET https://registry.npmjs.org/express
72 verbose request uri https://registry.npmjs.org/mongodb
73 verbose request no auth needed
74 info attempt registry request try #1 at 12:11:42 PM
75 verbose etag W/"58c68929-9589c"
76 verbose lastModified Mon, 13 Mar 2017 11:57:29 GMT
77 http request GET https://registry.npmjs.org/mongodb
78 http 200 https://registry.npmjs.org/path
79 verbose headers { server: 'nginx/1.10.1',
79 verbose headers   'content-type': 'application/json',
79 verbose headers   'last-modified': 'Sat, 25 Feb 2017 14:51:23 GMT',
79 verbose headers   etag: 'W/"58b199eb-16a4"',
79 verbose headers   'content-encoding': 'gzip',
79 verbose headers   'cache-control': 'max-age=300',
79 verbose headers   'content-length': '1744',
79 verbose headers   'accept-ranges': 'bytes',
79 verbose headers   date: 'Thu, 16 Mar 2017 18:11:42 GMT',
79 verbose headers   via: '1.1 varnish',
79 verbose headers   age: '250',
79 verbose headers   connection: 'keep-alive',
79 verbose headers   'x-served-by': 'cache-den6024-DEN',
79 verbose headers   'x-cache': 'HIT',
79 verbose headers   'x-cache-hits': '2',
79 verbose headers   'x-timer': 'S1489687902.058240,VS0,VE0',
79 verbose headers   vary: 'Accept-Encoding' }
80 silly get cb [ 200,
80 silly get   { server: 'nginx/1.10.1',
80 silly get     'content-type': 'application/json',
80 silly get     'last-modified': 'Sat, 25 Feb 2017 14:51:23 GMT',
80 silly get     etag: 'W/"58b199eb-16a4"',
80 silly get     'content-encoding': 'gzip',
80 silly get     'cache-control': 'max-age=300',
80 silly get     'content-length': '1744',
80 silly get     'accept-ranges': 'bytes',
80 silly get     date: 'Thu, 16 Mar 2017 18:11:42 GMT',
80 silly get     via: '1.1 varnish',
80 silly get     age: '250',
80 silly get     connection: 'keep-alive',
80 silly get     'x-served-by': 'cache-den6024-DEN',
80 silly get     'x-cache': 'HIT',
80 silly get     'x-cache-hits': '2',
80 silly get     'x-timer': 'S1489687902.058240,VS0,VE0',
80 silly get     vary: 'Accept-Encoding' } ]
81 verbose get saving path to /Users/emmandrea/.npm/registry.npmjs.org/path/.cache.json
82 verbose correctMkdir /Users/emmandrea/.npm correctMkdir not in flight; initializing
83 silly fetchPackageMetaData Error: No compatible version found: path@O.12.7
83 silly fetchPackageMetaData Valid install targets:
83 silly fetchPackageMetaData 0.12.7, 0.11.14, 0.4.10, 0.4.9
83 silly fetchPackageMetaData
83 silly fetchPackageMetaData     at pickVersionFromRegistryDocument (/usr/local/lib/node_modules/npm/lib/fetch-package-metadata.js:178:16)
83 silly fetchPackageMetaData     at /usr/local/lib/node_modules/npm/node_modules/iferr/index.js:13:50
83 silly fetchPackageMetaData     at /usr/local/lib/node_modules/npm/lib/utils/pulse-till-done.js:20:8
83 silly fetchPackageMetaData     at saved (/usr/local/lib/node_modules/npm/lib/cache/caching-client.js:174:7)
83 silly fetchPackageMetaData     at /usr/local/lib/node_modules/npm/node_modules/graceful-fs/polyfills.js:241:18
83 silly fetchPackageMetaData     at FSReqWrap.oncomplete (fs.js:123:15)
83 silly fetchPackageMetaData  error for path@O.12.7 { Error: No compatible version found: path@O.12.7
83 silly fetchPackageMetaData Valid install targets:
83 silly fetchPackageMetaData 0.12.7, 0.11.14, 0.4.10, 0.4.9
83 silly fetchPackageMetaData
83 silly fetchPackageMetaData     at pickVersionFromRegistryDocument (/usr/local/lib/node_modules/npm/lib/fetch-package-metadata.js:178:16)
83 silly fetchPackageMetaData     at /usr/local/lib/node_modules/npm/node_modules/iferr/index.js:13:50
83 silly fetchPackageMetaData     at /usr/local/lib/node_modules/npm/lib/utils/pulse-till-done.js:20:8
83 silly fetchPackageMetaData     at saved (/usr/local/lib/node_modules/npm/lib/cache/caching-client.js:174:7)
83 silly fetchPackageMetaData     at /usr/local/lib/node_modules/npm/node_modules/graceful-fs/polyfills.js:241:18
83 silly fetchPackageMetaData     at FSReqWrap.oncomplete (fs.js:123:15) code: 'ETARGET' }
84 http 200 https://registry.npmjs.org/body-parser
85 verbose headers { server: 'nginx/1.10.1',
85 verbose headers   'content-type': 'application/json',
85 verbose headers   'last-modified': 'Thu, 16 Mar 2017 06:53:11 GMT',
85 verbose headers   etag: 'W/"58ca3657-20192"',
85 verbose headers   'content-encoding': 'gzip',
85 verbose headers   'cache-control': 'max-age=300',
85 verbose headers   'content-length': '14548',
85 verbose headers   'accept-ranges': 'bytes',
85 verbose headers   date: 'Thu, 16 Mar 2017 18:11:42 GMT',
85 verbose headers   via: '1.1 varnish',
85 verbose headers   age: '192',
85 verbose headers   connection: 'keep-alive',
85 verbose headers   'x-served-by': 'cache-den6023-DEN',
85 verbose headers   'x-cache': 'HIT',
85 verbose headers   'x-cache-hits': '2',
85 verbose headers   'x-timer': 'S1489687902.063921,VS0,VE0',
85 verbose headers   vary: 'Accept-Encoding' }
86 silly get cb [ 200,
86 silly get   { server: 'nginx/1.10.1',
86 silly get     'content-type': 'application/json',
86 silly get     'last-modified': 'Thu, 16 Mar 2017 06:53:11 GMT',
86 silly get     etag: 'W/"58ca3657-20192"',
86 silly get     'content-encoding': 'gzip',
86 silly get     'cache-control': 'max-age=300',
86 silly get     'content-length': '14548',
86 silly get     'accept-ranges': 'bytes',
86 silly get     date: 'Thu, 16 Mar 2017 18:11:42 GMT',
86 silly get     via: '1.1 varnish',
86 silly get     age: '192',
86 silly get     connection: 'keep-alive',
86 silly get     'x-served-by': 'cache-den6023-DEN',
86 silly get     'x-cache': 'HIT',
86 silly get     'x-cache-hits': '2',
86 silly get     'x-timer': 'S1489687902.063921,VS0,VE0',
86 silly get     vary: 'Accept-Encoding' } ]
87 verbose get saving body-parser to /Users/emmandrea/.npm/registry.npmjs.org/body-parser/.cache.json
88 verbose correctMkdir /Users/emmandrea/.npm correctMkdir not in flight; initializing
89 silly resolveWithNewModule body-parser@1.15.0 checking installable status
90 silly cache add args [ 'body-parser@1.15.0', null ]
91 verbose cache add spec body-parser@1.15.0
92 silly cache add parsed spec Result {
92 silly cache add   raw: 'body-parser@1.15.0',
92 silly cache add   scope: null,
92 silly cache add   escapedName: 'body-parser',
92 silly cache add   name: 'body-parser',
92 silly cache add   rawSpec: '1.15.0',
92 silly cache add   spec: '1.15.0',
92 silly cache add   type: 'version' }
93 silly addNamed body-parser@1.15.0
94 verbose addNamed "1.15.0" is a plain semver version for body-parser
95 silly mapToRegistry name body-parser
96 silly mapToRegistry using default registry
97 silly mapToRegistry registry https://registry.npmjs.org/
98 silly mapToRegistry data Result {
98 silly mapToRegistry   raw: 'body-parser',
98 silly mapToRegistry   scope: null,
98 silly mapToRegistry   escapedName: 'body-parser',
98 silly mapToRegistry   name: 'body-parser',
98 silly mapToRegistry   rawSpec: '',
98 silly mapToRegistry   spec: 'latest',
98 silly mapToRegistry   type: 'tag' }
99 silly mapToRegistry uri https://registry.npmjs.org/body-parser
100 verbose addNameVersion registry:https://registry.npmjs.org/body-parser not in flight; fetching
101 http 200 https://registry.npmjs.org/express
102 verbose headers { server: 'nginx/1.10.1',
102 verbose headers   'content-type': 'application/json',
102 verbose headers   'last-modified': 'Thu, 16 Mar 2017 07:15:48 GMT',
102 verbose headers   etag: 'W/"58ca3ba4-8b878"',
102 verbose headers   'content-encoding': 'gzip',
102 verbose headers   'cache-control': 'max-age=300',
102 verbose headers   'content-length': '43114',
102 verbose headers   'accept-ranges': 'bytes',
102 verbose headers   date: 'Thu, 16 Mar 2017 18:11:42 GMT',
102 verbose headers   via: '1.1 varnish',
102 verbose headers   age: '181',
102 verbose headers   connection: 'keep-alive',
102 verbose headers   'x-served-by': 'cache-den6022-DEN',
102 verbose headers   'x-cache': 'HIT',
102 verbose headers   'x-cache-hits': '1',
102 verbose headers   'x-timer': 'S1489687902.058295,VS0,VE0',
102 verbose headers   vary: 'Accept-Encoding' }
103 silly get cb [ 200,
103 silly get   { server: 'nginx/1.10.1',
103 silly get     'content-type': 'application/json',
103 silly get     'last-modified': 'Thu, 16 Mar 2017 07:15:48 GMT',
103 silly get     etag: 'W/"58ca3ba4-8b878"',
103 silly get     'content-encoding': 'gzip',
103 silly get     'cache-control': 'max-age=300',
103 silly get     'content-length': '43114',
103 silly get     'accept-ranges': 'bytes',
103 silly get     date: 'Thu, 16 Mar 2017 18:11:42 GMT',
103 silly get     via: '1.1 varnish',
103 silly get     age: '181',
103 silly get     connection: 'keep-alive',
103 silly get     'x-served-by': 'cache-den6022-DEN',
103 silly get     'x-cache': 'HIT',
103 silly get     'x-cache-hits': '1',
103 silly get     'x-timer': 'S1489687902.058295,VS0,VE0',
103 silly get     vary: 'Accept-Encoding' } ]
104 verbose get saving express to /Users/emmandrea/.npm/registry.npmjs.org/express/.cache.json
105 verbose correctMkdir /Users/emmandrea/.npm correctMkdir not in flight; initializing
106 verbose get https://registry.npmjs.org/body-parser not expired, no request
107 silly mapToRegistry name body-parser
108 silly mapToRegistry using default registry
109 silly mapToRegistry registry https://registry.npmjs.org/
110 silly mapToRegistry data Result {
110 silly mapToRegistry   raw: 'body-parser',
110 silly mapToRegistry   scope: null,
110 silly mapToRegistry   escapedName: 'body-parser',
110 silly mapToRegistry   name: 'body-parser',
110 silly mapToRegistry   rawSpec: '',
110 silly mapToRegistry   spec: 'latest',
110 silly mapToRegistry   type: 'tag' }
111 silly mapToRegistry uri https://registry.npmjs.org/body-parser
112 verbose addRemoteTarball https://registry.npmjs.org/body-parser/-/body-parser-1.15.0.tgz not in flight; adding
113 verbose addRemoteTarball [ 'https://registry.npmjs.org/body-parser/-/body-parser-1.15.0.tgz',
113 verbose addRemoteTarball   '8168abaeaf9e77e300f7b3aef4df4b46e9b21b35' ]
114 info retry fetch attempt 1 at 12:11:42 PM
115 info attempt registry request try #1 at 12:11:42 PM
116 http fetch GET https://registry.npmjs.org/body-parser/-/body-parser-1.15.0.tgz
117 silly resolveWithNewModule express@4.15.2 checking installable status
118 silly cache add args [ 'express@4.15.2', null ]
119 verbose cache add spec express@4.15.2
120 silly cache add parsed spec Result {
120 silly cache add   raw: 'express@4.15.2',
120 silly cache add   scope: null,
120 silly cache add   escapedName: 'express',
120 silly cache add   name: 'express',
120 silly cache add   rawSpec: '4.15.2',
120 silly cache add   spec: '4.15.2',
120 silly cache add   type: 'version' }
121 silly addNamed express@4.15.2
122 verbose addNamed "4.15.2" is a plain semver version for express
123 silly mapToRegistry name express
124 silly mapToRegistry using default registry
125 silly mapToRegistry registry https://registry.npmjs.org/
126 silly mapToRegistry data Result {
126 silly mapToRegistry   raw: 'express',
126 silly mapToRegistry   scope: null,
126 silly mapToRegistry   escapedName: 'express',
126 silly mapToRegistry   name: 'express',
126 silly mapToRegistry   rawSpec: '',
126 silly mapToRegistry   spec: 'latest',
126 silly mapToRegistry   type: 'tag' }
127 silly mapToRegistry uri https://registry.npmjs.org/express
128 verbose addNameVersion registry:https://registry.npmjs.org/express not in flight; fetching
129 http fetch 200 https://registry.npmjs.org/body-parser/-/body-parser-1.15.0.tgz
130 http 200 https://registry.npmjs.org/mongoose
131 verbose headers { server: 'nginx/1.10.1',
131 verbose headers   'content-type': 'application/json',
131 verbose headers   'last-modified': 'Thu, 16 Mar 2017 06:53:23 GMT',
131 verbose headers   etag: 'W/"58ca3663-8d286"',
131 verbose headers   'content-encoding': 'gzip',
131 verbose headers   'cache-control': 'max-age=300',
131 verbose headers   'content-length': '43225',
131 verbose headers   'accept-ranges': 'bytes',
131 verbose headers   date: 'Thu, 16 Mar 2017 18:11:42 GMT',
131 verbose headers   via: '1.1 varnish',
131 verbose headers   age: '0',
131 verbose headers   connection: 'keep-alive',
131 verbose headers   'x-served-by': 'cache-den6021-DEN',
131 verbose headers   'x-cache': 'HIT',
131 verbose headers   'x-cache-hits': '1',
131 verbose headers   'x-timer': 'S1489687902.051835,VS0,VE53',
131 verbose headers   vary: 'Accept-Encoding' }
132 silly get cb [ 200,
132 silly get   { server: 'nginx/1.10.1',
132 silly get     'content-type': 'application/json',
132 silly get     'last-modified': 'Thu, 16 Mar 2017 06:53:23 GMT',
132 silly get     etag: 'W/"58ca3663-8d286"',
132 silly get     'content-encoding': 'gzip',
132 silly get     'cache-control': 'max-age=300',
132 silly get     'content-length': '43225',
132 silly get     'accept-ranges': 'bytes',
132 silly get     date: 'Thu, 16 Mar 2017 18:11:42 GMT',
132 silly get     via: '1.1 varnish',
132 silly get     age: '0',
132 silly get     connection: 'keep-alive',
132 silly get     'x-served-by': 'cache-den6021-DEN',
132 silly get     'x-cache': 'HIT',
132 silly get     'x-cache-hits': '1',
132 silly get     'x-timer': 'S1489687902.051835,VS0,VE53',
132 silly get     vary: 'Accept-Encoding' } ]
133 verbose get saving mongoose to /Users/emmandrea/.npm/registry.npmjs.org/mongoose/.cache.json
134 verbose correctMkdir /Users/emmandrea/.npm correctMkdir not in flight; initializing
135 verbose get https://registry.npmjs.org/express not expired, no request
136 silly fetchAndShaCheck shasum 8168abaeaf9e77e300f7b3aef4df4b46e9b21b35
137 verbose addTmpTarball /var/folders/_7/2z05pr9x2mxg4dhhhcwpnkt00000gn/T/npm-10769-cd5f94dd/registry.npmjs.org/body-parser/-/body-parser-1.15.0.tgz not in flight; adding
138 verbose addTmpTarball already have metadata; skipping unpack for body-parser@1.15.0
139 verbose correctMkdir /Users/emmandrea/.npm correctMkdir not in flight; initializing
140 silly cache afterAdd express@4.15.2
141 verbose afterAdd /Users/emmandrea/.npm/express/4.15.2/package/package.json not in flight; writing
142 verbose correctMkdir /Users/emmandrea/.npm correctMkdir not in flight; initializing
143 silly resolveWithNewModule mongoose@4.9.0 checking installable status
144 silly cache add args [ 'mongoose@4.9.0', null ]
145 verbose cache add spec mongoose@4.9.0
146 silly cache add parsed spec Result {
146 silly cache add   raw: 'mongoose@4.9.0',
146 silly cache add   scope: null,
146 silly cache add   escapedName: 'mongoose',
146 silly cache add   name: 'mongoose',
146 silly cache add   rawSpec: '4.9.0',
146 silly cache add   spec: '4.9.0',
146 silly cache add   type: 'version' }
147 silly addNamed mongoose@4.9.0
148 verbose addNamed "4.9.0" is a plain semver version for mongoose
149 silly mapToRegistry name mongoose
150 silly mapToRegistry using default registry
151 silly mapToRegistry registry https://registry.npmjs.org/
152 silly mapToRegistry data Result {
152 silly mapToRegistry   raw: 'mongoose',
152 silly mapToRegistry   scope: null,
152 silly mapToRegistry   escapedName: 'mongoose',
152 silly mapToRegistry   name: 'mongoose',
152 silly mapToRegistry   rawSpec: '',
152 silly mapToRegistry   spec: 'latest',
152 silly mapToRegistry   type: 'tag' }
153 silly mapToRegistry uri https://registry.npmjs.org/mongoose
154 verbose addNameVersion registry:https://registry.npmjs.org/mongoose not in flight; fetching
155 verbose afterAdd /Users/emmandrea/.npm/express/4.15.2/package/package.json written
156 verbose get https://registry.npmjs.org/mongoose not expired, no request
157 silly mapToRegistry name mongoose
158 silly mapToRegistry using default registry
159 silly mapToRegistry registry https://registry.npmjs.org/
160 silly mapToRegistry data Result {
160 silly mapToRegistry   raw: 'mongoose',
160 silly mapToRegistry   scope: null,
160 silly mapToRegistry   escapedName: 'mongoose',
160 silly mapToRegistry   name: 'mongoose',
160 silly mapToRegistry   rawSpec: '',
160 silly mapToRegistry   spec: 'latest',
160 silly mapToRegistry   type: 'tag' }
161 silly mapToRegistry uri https://registry.npmjs.org/mongoose
162 verbose addRemoteTarball https://registry.npmjs.org/mongoose/-/mongoose-4.9.0.tgz not in flight; adding
163 verbose addRemoteTarball [ 'https://registry.npmjs.org/mongoose/-/mongoose-4.9.0.tgz',
163 verbose addRemoteTarball   '5465fc3c1d4c9e43b035e9652412dcce3fa4d55c' ]
164 silly cache afterAdd body-parser@1.15.0
165 verbose afterAdd /Users/emmandrea/.npm/body-parser/1.15.0/package/package.json not in flight; writing
166 verbose correctMkdir /Users/emmandrea/.npm correctMkdir not in flight; initializing
167 info retry fetch attempt 1 at 12:11:42 PM
168 info attempt registry request try #1 at 12:11:42 PM
169 http fetch GET https://registry.npmjs.org/mongoose/-/mongoose-4.9.0.tgz
170 verbose afterAdd /Users/emmandrea/.npm/body-parser/1.15.0/package/package.json written
171 http 200 https://registry.npmjs.org/mongodb
172 verbose headers { server: 'nginx/1.10.1',
172 verbose headers   'content-type': 'application/json',
172 verbose headers   'last-modified': 'Tue, 14 Mar 2017 23:00:15 GMT',
172 verbose headers   etag: 'W/"58c875ff-958c2"',
172 verbose headers   'content-encoding': 'gzip',
172 verbose headers   'cache-control': 'max-age=300',
172 verbose headers   'content-length': '34940',
172 verbose headers   'accept-ranges': 'bytes',
172 verbose headers   date: 'Thu, 16 Mar 2017 18:11:42 GMT',
172 verbose headers   via: '1.1 varnish',
172 verbose headers   age: '0',
172 verbose headers   connection: 'keep-alive',
172 verbose headers   'x-served-by': 'cache-den6024-DEN',
172 verbose headers   'x-cache': 'HIT',
172 verbose headers   'x-cache-hits': '1',
172 verbose headers   'x-timer': 'S1489687902.083736,VS0,VE52',
172 verbose headers   vary: 'Accept-Encoding' }
173 silly get cb [ 200,
173 silly get   { server: 'nginx/1.10.1',
173 silly get     'content-type': 'application/json',
173 silly get     'last-modified': 'Tue, 14 Mar 2017 23:00:15 GMT',
173 silly get     etag: 'W/"58c875ff-958c2"',
173 silly get     'content-encoding': 'gzip',
173 silly get     'cache-control': 'max-age=300',
173 silly get     'content-length': '34940',
173 silly get     'accept-ranges': 'bytes',
173 silly get     date: 'Thu, 16 Mar 2017 18:11:42 GMT',
173 silly get     via: '1.1 varnish',
173 silly get     age: '0',
173 silly get     connection: 'keep-alive',
173 silly get     'x-served-by': 'cache-den6024-DEN',
173 silly get     'x-cache': 'HIT',
173 silly get     'x-cache-hits': '1',
173 silly get     'x-timer': 'S1489687902.083736,VS0,VE52',
173 silly get     vary: 'Accept-Encoding' } ]
174 verbose get saving mongodb to /Users/emmandrea/.npm/registry.npmjs.org/mongodb/.cache.json
175 verbose correctMkdir /Users/emmandrea/.npm correctMkdir not in flight; initializing
176 http fetch 200 https://registry.npmjs.org/mongoose/-/mongoose-4.9.0.tgz
177 silly fetchPackageMetaData Error: No compatible version found: mongodb@3.4.2
177 silly fetchPackageMetaData Valid install targets:
177 silly fetchPackageMetaData 2.2.24, 2.2.23, 2.2.22, 2.2.21, 2.2.20, 2.2.19, 2.2.18, 2.2.17, 2.2.16, 2.2.15, 2.2.14, 2.2.13, 2.2.12, 2.2.11, 2.2.10, 2.2.9, 2.2.8, 2.2.7, 2.2.6, 2.2.5, 2.2.4, 2.2.3, 2.2.2, 2.2.1, 2.2.0, 2.2.0-alpha2, 2.2.0-alpha1, 2.1.22-alpha4, 2.1.22-alpha3, 2.1.22-alpha2, 2.1.22-alpha, 2.1.21, 2.1.20, 2.1.19, 2.1.18, 2.1.17, 2.1.16, 2.1.15, 2.1.14, 2.1.13, 2.1.12, 2.1.11, 2.1.10, 2.1.9, 2.1.8, 2.1.7, 2.1.6, 2.1.5, 2.1.4, 2.1.3, 2.1.2, 2.1.1, 2.1.0, 2.1.0-rc1, 2.1.0-alpha, 2.0.55, 2.0.54, 2.0.53, 2.0.52, 2.0.51, 2.0.50, 2.0.49, 2.0.48, 2.0.47, 2.0.46, 2.0.45, 2.0.44, 2.0.43, 2.0.42, 2.0.41, 2.0.40, 2.0.39, 2.0.38, 2.0.37, 2.0.36, 2.0.35, 2.0.34, 2.0.33, 2.0.32, 2.0.31, 2.0.30, 2.0.29, 2.0.28, 2.0.27, 2.0.26, 2.0.25, 2.0.24, 2.0.23, 2.0.22, 2.0.21, 2.0.20, 2.0.19, 2.0.18, 2.0.17, 2.0.16, 2.0.15, 2.0.14, 2.0.13, 2.0.12, 2.0.11, 2.0.10, 2.0.9, 2.0.8, 2.0.7, 2.0.6, 2.0.5, 2.0.4, 2.0.3, 2.0.2, 2.0.1, 2.0.0, 2.0.0-alpha2, 2.0.0-alpha1, 1.4.40, 1.4.39, 1.4.38, 1.4.37, 1.4.36, 1.4.35, 1.4.34, 1.4.33, 1.4.32, 1.4.31, 1.4.30, 1.4.29, 1.4.28, 1.4.27, 1.4.26, 1.4.25, 1.4.24, 1.4.23, 1.4.22, 1.4.20, 1.4.19, 1.4.18, 1.4.17, 1.4.16, 1.4.15, 1.4.14, 1.4.12, 1.4.11, 1.4.10, 1.4.9, 1.4.8, 1.4.7, 1.4.6, 1.4.5, 1.4.4, 1.4.3, 1.4.2, 1.4.1, 1.4.0, 1.4.0-rc9, 1.4.0-rc8, 1.4.0-rc7, 1.4.0-rc6, 1.4.0-rc5, 1.4.0-rc4, 1.4.0-rc3, 1.4.0-rc2, 1.4.0-rc10, 1.3.23, 1.3.22, 1.3.21, 1.3.20, 1.3.19, 1.3.18, 1.3.17, 1.3.15, 1.3.14, 1.3.12, 1.3.11, 1.3.10, 1.3.9, 1.3.8, 1.3.7, 1.3.6, 1.3.5, 1.3.4, 1.3.3, 1.3.2, 1.3.1, 1.3.0, 1.2.14, 1.2.13, 1.2.12, 1.2.11, 1.2.10, 1.2.9, 1.2.8, 1.2.7, 1.2.6, 1.2.5, 1.2.4, 1.2.3, 1.2.2, 1.2.1, 1.2.0, 1.1.11, 1.1.10, 1.1.9, 1.1.8, 1.1.7, 1.1.6, 1.1.5, 1.1.4, 1.1.3, 1.1.2, 1.1.1, 1.1.0, 1.1.0-beta, 1.0.2, 1.0.1, 1.0.0, 0.9.9, 0.9.9-8, 0.9.9-7, 0.9.9-6, 0.9.9-5, 0.9.9-4, 0.9.9-3, 0.9.9-2, 0.9.9-1, 0.9.8, 0.9.8-7, 0.9.8-6, 0.9.8-5, 0.9.8-4, 0.9.8-3, 0.9.8-2, 0.9.8-1, 0.9.7, 0.9.7-3-5, 0.9.7-3-4, 0.9.7-3-3, 0.9.7-3-2, 0.9.7-3-1, 0.9.7-2-5, 0.9.7-2-4, 0.9.7-2-3, 0.9.7-2-2, 0.9.7-2-1, 0.9.7-3, 0.9.7-2, 0.9.7-1.4, 0.9.7-1.3, 0.9.7-1.2, 0.9.7-1.1, 0.9.7-1, 0.9.7-0, 0.9.6-23, 0.9.6-22, 0.9.6-21, 0.9.6-20, 0.9.6-19, 0.9.6-18, 0.9.6-17, 0.9.6-16, 0.9.6-15, 0.9.6-14, 0.9.6-13, 0.9.6-12, 0.9.6-11, 0.9.6-10, 0.9.6-9, 0.9.6-8, 0.9.6-7, 0.9.4, 0.9.4-4, 0.9.3, 0.9.2, 0.9.1
177 silly fetchPackageMetaData
177 silly fetchPackageMetaData     at pickVersionFromRegistryDocument (/usr/local/lib/node_modules/npm/lib/fetch-package-metadata.js:178:16)
177 silly fetchPackageMetaData     at /usr/local/lib/node_modules/npm/node_modules/iferr/index.js:13:50
177 silly fetchPackageMetaData     at /usr/local/lib/node_modules/npm/lib/utils/pulse-till-done.js:20:8
177 silly fetchPackageMetaData     at saved (/usr/local/lib/node_modules/npm/lib/cache/caching-client.js:174:7)
177 silly fetchPackageMetaData     at /usr/local/lib/node_modules/npm/node_modules/graceful-fs/polyfills.js:241:18
177 silly fetchPackageMetaData     at FSReqWrap.oncomplete (fs.js:123:15)
177 silly fetchPackageMetaData  error for mongodb@3.4.2 { Error: No compatible version found: mongodb@3.4.2
177 silly fetchPackageMetaData Valid install targets:
177 silly fetchPackageMetaData 2.2.24, 2.2.23, 2.2.22, 2.2.21, 2.2.20, 2.2.19, 2.2.18, 2.2.17, 2.2.16, 2.2.15, 2.2.14, 2.2.13, 2.2.12, 2.2.11, 2.2.10, 2.2.9, 2.2.8, 2.2.7, 2.2.6, 2.2.5, 2.2.4, 2.2.3, 2.2.2, 2.2.1, 2.2.0, 2.2.0-alpha2, 2.2.0-alpha1, 2.1.22-alpha4, 2.1.22-alpha3, 2.1.22-alpha2, 2.1.22-alpha, 2.1.21, 2.1.20, 2.1.19, 2.1.18, 2.1.17, 2.1.16, 2.1.15, 2.1.14, 2.1.13, 2.1.12, 2.1.11, 2.1.10, 2.1.9, 2.1.8, 2.1.7, 2.1.6, 2.1.5, 2.1.4, 2.1.3, 2.1.2, 2.1.1, 2.1.0, 2.1.0-rc1, 2.1.0-alpha, 2.0.55, 2.0.54, 2.0.53, 2.0.52, 2.0.51, 2.0.50, 2.0.49, 2.0.48, 2.0.47, 2.0.46, 2.0.45, 2.0.44, 2.0.43, 2.0.42, 2.0.41, 2.0.40, 2.0.39, 2.0.38, 2.0.37, 2.0.36, 2.0.35, 2.0.34, 2.0.33, 2.0.32, 2.0.31, 2.0.30, 2.0.29, 2.0.28, 2.0.27, 2.0.26, 2.0.25, 2.0.24, 2.0.23, 2.0.22, 2.0.21, 2.0.20, 2.0.19, 2.0.18, 2.0.17, 2.0.16, 2.0.15, 2.0.14, 2.0.13, 2.0.12, 2.0.11, 2.0.10, 2.0.9, 2.0.8, 2.0.7, 2.0.6, 2.0.5, 2.0.4, 2.0.3, 2.0.2, 2.0.1, 2.0.0, 2.0.0-alpha2, 2.0.0-alpha1, 1.4.40, 1.4.39, 1.4.38, 1.4.37, 1.4.36, 1.4.35, 1.4.34, 1.4.33, 1.4.32, 1.4.31, 1.4.30, 1.4.29, 1.4.28, 1.4.27, 1.4.26, 1.4.25, 1.4.24, 1.4.23, 1.4.22, 1.4.20, 1.4.19, 1.4.18, 1.4.17, 1.4.16, 1.4.15, 1.4.14, 1.4.12, 1.4.11, 1.4.10, 1.4.9, 1.4.8, 1.4.7, 1.4.6, 1.4.5, 1.4.4, 1.4.3, 1.4.2, 1.4.1, 1.4.0, 1.4.0-rc9, 1.4.0-rc8, 1.4.0-rc7, 1.4.0-rc6, 1.4.0-rc5, 1.4.0-rc4, 1.4.0-rc3, 1.4.0-rc2, 1.4.0-rc10, 1.3.23, 1.3.22, 1.3.21, 1.3.20, 1.3.19, 1.3.18, 1.3.17, 1.3.15, 1.3.14, 1.3.12, 1.3.11, 1.3.10, 1.3.9, 1.3.8, 1.3.7, 1.3.6, 1.3.5, 1.3.4, 1.3.3, 1.3.2, 1.3.1, 1.3.0, 1.2.14, 1.2.13, 1.2.12, 1.2.11, 1.2.10, 1.2.9, 1.2.8, 1.2.7, 1.2.6, 1.2.5, 1.2.4, 1.2.3, 1.2.2, 1.2.1, 1.2.0, 1.1.11, 1.1.10, 1.1.9, 1.1.8, 1.1.7, 1.1.6, 1.1.5, 1.1.4, 1.1.3, 1.1.2, 1.1.1, 1.1.0, 1.1.0-beta, 1.0.2, 1.0.1, 1.0.0, 0.9.9, 0.9.9-8, 0.9.9-7, 0.9.9-6, 0.9.9-5, 0.9.9-4, 0.9.9-3, 0.9.9-2, 0.9.9-1, 0.9.8, 0.9.8-7, 0.9.8-6, 0.9.8-5, 0.9.8-4, 0.9.8-3, 0.9.8-2, 0.9.8-1, 0.9.7, 0.9.7-3-5, 0.9.7-3-4, 0.9.7-3-3, 0.9.7-3-2, 0.9.7-3-1, 0.9.7-2-5, 0.9.7-2-4, 0.9.7-2-3, 0.9.7-2-2, 0.9.7-2-1, 0.9.7-3, 0.9.7-2, 0.9.7-1.4, 0.9.7-1.3, 0.9.7-1.2, 0.9.7-1.1, 0.9.7-1, 0.9.7-0, 0.9.6-23, 0.9.6-22, 0.9.6-21, 0.9.6-20, 0.9.6-19, 0.9.6-18, 0.9.6-17, 0.9.6-16, 0.9.6-15, 0.9.6-14, 0.9.6-13, 0.9.6-12, 0.9.6-11, 0.9.6-10, 0.9.6-9, 0.9.6-8, 0.9.6-7, 0.9.4, 0.9.4-4, 0.9.3, 0.9.2, 0.9.1
177 silly fetchPackageMetaData
177 silly fetchPackageMetaData     at pickVersionFromRegistryDocument (/usr/local/lib/node_modules/npm/lib/fetch-package-metadata.js:178:16)
177 silly fetchPackageMetaData     at /usr/local/lib/node_modules/npm/node_modules/iferr/index.js:13:50
177 silly fetchPackageMetaData     at /usr/local/lib/node_modules/npm/lib/utils/pulse-till-done.js:20:8
177 silly fetchPackageMetaData     at saved (/usr/local/lib/node_modules/npm/lib/cache/caching-client.js:174:7)
177 silly fetchPackageMetaData     at /usr/local/lib/node_modules/npm/node_modules/graceful-fs/polyfills.js:241:18
177 silly fetchPackageMetaData     at FSReqWrap.oncomplete (fs.js:123:15) code: 'ETARGET' }
178 silly fetchAndShaCheck shasum 5465fc3c1d4c9e43b035e9652412dcce3fa4d55c
179 verbose addTmpTarball /var/folders/_7/2z05pr9x2mxg4dhhhcwpnkt00000gn/T/npm-10769-cd5f94dd/registry.npmjs.org/mongoose/-/mongoose-4.9.0.tgz not in flight; adding
180 verbose addTmpTarball already have metadata; skipping unpack for mongoose@4.9.0
181 verbose correctMkdir /Users/emmandrea/.npm correctMkdir not in flight; initializing
182 silly cache afterAdd mongoose@4.9.0
183 verbose afterAdd /Users/emmandrea/.npm/mongoose/4.9.0/package/package.json not in flight; writing
184 verbose correctMkdir /Users/emmandrea/.npm correctMkdir not in flight; initializing
185 verbose afterAdd /Users/emmandrea/.npm/mongoose/4.9.0/package/package.json written
186 silly rollbackFailedOptional Starting
187 silly rollbackFailedOptional Finishing
188 silly runTopLevelLifecycles Finishing
189 silly install printInstalled
190 verbose stack Error: No compatible version found: path@O.12.7
190 verbose stack Valid install targets:
190 verbose stack 0.12.7, 0.11.14, 0.4.10, 0.4.9
190 verbose stack
190 verbose stack     at pickVersionFromRegistryDocument (/usr/local/lib/node_modules/npm/lib/fetch-package-metadata.js:178:16)
190 verbose stack     at /usr/local/lib/node_modules/npm/node_modules/iferr/index.js:13:50
190 verbose stack     at /usr/local/lib/node_modules/npm/lib/utils/pulse-till-done.js:20:8
190 verbose stack     at saved (/usr/local/lib/node_modules/npm/lib/cache/caching-client.js:174:7)
190 verbose stack     at /usr/local/lib/node_modules/npm/node_modules/graceful-fs/polyfills.js:241:18
190 verbose stack     at FSReqWrap.oncomplete (fs.js:123:15)
191 verbose cwd /Users/emmandrea/GitHub/HR22 Repo/hydra-reactor
192 error Darwin 16.4.0
193 error argv "/usr/local/bin/node" "/usr/local/bin/npm" "install"
194 error node v6.10.0
195 error npm  v3.10.10
196 error code ETARGET
197 error notarget No compatible version found: path@O.12.7
197 error notarget Valid install targets:
197 error notarget 0.12.7, 0.11.14, 0.4.10, 0.4.9
198 error notarget This is most likely not a problem with npm itself.
198 error notarget In most cases you or one of your dependencies are requesting
198 error notarget a package version that doesn't exist.
198 error notarget
198 error notarget It was specified as a dependency of 'Hydra-Reactor'
199 verbose exit [ 1, true ]
